<?xml version="1.0" encoding="UTF-8"?>
<!-- Generated by org.testng.reporters.JUnitReportReporter -->
<testsuite hostname="LTIN204636" failures="0" tests="6" name="TestRunner.loginTestRunner" time="1.829" errors="6" timestamp="2024-02-13T10:10:55 IST" skipped="0">
  <testcase classname="TestRunner.loginTestRunner" name="runScenario" time="0.031">
    <error message="Cannot invoke &quot;org.openqa.selenium.JavascriptExecutor.executeScript(String, Object[])&quot; because &quot;js&quot; is null" type="java.lang.NullPointerException">
      <![CDATA[java.lang.NullPointerException: Cannot invoke "org.openqa.selenium.JavascriptExecutor.executeScript(String, Object[])" because "js" is null
at PageObjects.WorldClockPage.scrollup(WorldClockPage.java:186)
at StepDefination.OneCognizantStepDefination.user_scrolls_to_one_cognizant_button(OneCognizantStepDefination.java:31)
at ✽.user scrolls to One Cognizant button(file:///C:/Users/2303728/eclipse-workspace/CAS_WorldClock/src/test/resources/Features/Feature.feature:49)
]]>
    </error>
  </testcase> <!-- runScenario -->
  <testcase classname="TestRunner.loginTestRunner" name="runScenario" time="0.030">
    <error message="Cannot invoke &quot;org.openqa.selenium.JavascriptExecutor.executeScript(String, Object[])&quot; because &quot;js&quot; is null" type="java.lang.NullPointerException">
      <![CDATA[java.lang.NullPointerException: Cannot invoke "org.openqa.selenium.JavascriptExecutor.executeScript(String, Object[])" because "js" is null
at PageObjects.WorldClockPage.scrollup(WorldClockPage.java:186)
at StepDefination.OneCognizantStepDefination.user_scrolls_to_one_cognizant_button(OneCognizantStepDefination.java:31)
at ✽.user scrolls to One Cognizant button(file:///C:/Users/2303728/eclipse-workspace/CAS_WorldClock/src/test/resources/Features/Feature.feature:49)
]]>
    </error>
  </testcase> <!-- runScenario -->
  <testcase classname="TestRunner.loginTestRunner" name="runScenario" time="0.831">
    <error message="Cannot invoke &quot;org.openqa.selenium.WebDriver.manage()&quot; because &quot;StepDefination.LoginStepDefination.driver&quot; is null" type="java.lang.NullPointerException">
      <![CDATA[java.lang.NullPointerException: Cannot invoke "org.openqa.selenium.WebDriver.manage()" because "StepDefination.LoginStepDefination.driver" is null
at StepDefination.LoginStepDefination.verify_the_title_of_the_be_cognizant_portal(LoginStepDefination.java:59)
at ✽.verify the title of the be cognizant portal(file:///C:/Users/2303728/eclipse-workspace/CAS_WorldClock/src/test/resources/Features/Feature.feature:27)
]]>
    </error>
  </testcase> <!-- runScenario -->
  <testcase classname="TestRunner.loginTestRunner" name="runScenario" time="0.053">
    <error message="Cannot invoke &quot;org.openqa.selenium.JavascriptExecutor.executeScript(String, Object[])&quot; because &quot;js&quot; is null" type="java.lang.NullPointerException">
      <![CDATA[java.lang.NullPointerException: Cannot invoke "org.openqa.selenium.JavascriptExecutor.executeScript(String, Object[])" because "js" is null
at PageObjects.WorldClockPage.scrolldown(WorldClockPage.java:139)
at StepDefination.WorldClockStepDefination.user_scrolls_till_end_of_page(WorldClockStepDefination.java:37)
at ✽.user scrolls till end of page(file:///C:/Users/2303728/eclipse-workspace/CAS_WorldClock/src/test/resources/Features/Feature.feature:35)
]]>
    </error>
  </testcase> <!-- runScenario -->
  <testcase classname="TestRunner.loginTestRunner" name="runScenario" time="0.831">
    <error message="Cannot invoke &quot;org.openqa.selenium.WebDriver.manage()&quot; because &quot;StepDefination.LoginStepDefination.driver&quot; is null" type="java.lang.NullPointerException">
      <![CDATA[java.lang.NullPointerException: Cannot invoke "org.openqa.selenium.WebDriver.manage()" because "StepDefination.LoginStepDefination.driver" is null
at StepDefination.LoginStepDefination.verify_the_title_of_the_be_cognizant_portal(LoginStepDefination.java:59)
at ✽.verify the title of the be cognizant portal(file:///C:/Users/2303728/eclipse-workspace/CAS_WorldClock/src/test/resources/Features/Feature.feature:27)
]]>
    </error>
  </testcase> <!-- runScenario -->
  <testcase classname="TestRunner.loginTestRunner" name="runScenario" time="0.053">
    <error message="Cannot invoke &quot;org.openqa.selenium.JavascriptExecutor.executeScript(String, Object[])&quot; because &quot;js&quot; is null" type="java.lang.NullPointerException">
      <![CDATA[java.lang.NullPointerException: Cannot invoke "org.openqa.selenium.JavascriptExecutor.executeScript(String, Object[])" because "js" is null
at PageObjects.WorldClockPage.scrolldown(WorldClockPage.java:139)
at StepDefination.WorldClockStepDefination.user_scrolls_till_end_of_page(WorldClockStepDefination.java:37)
at ✽.user scrolls till end of page(file:///C:/Users/2303728/eclipse-workspace/CAS_WorldClock/src/test/resources/Features/Feature.feature:35)
]]>
    </error>
  </testcase> <!-- runScenario -->
</testsuite> <!-- TestRunner.loginTestRunner -->
